<?xml version="1.0" encoding="UTF-8"?>
<testsuite xmlns:xsi="http://www.w3.org/2001/XMLSchema-instance" xsi:noNamespaceSchemaLocation="https://maven.apache.org/surefire/maven-surefire-plugin/xsd/surefire-test-report-3.0.xsd" version="3.0" name="com.bics.agent.SemanticKernelAgentTest" time="2.017" tests="3" errors="0" skipped="0" failures="0">
  <properties>
    <property name="java.specification.version" value="17"/>
    <property name="sun.jnu.encoding" value="UTF-8"/>
    <property name="java.class.path" value="/home/runner/work/test5/test5/agent/target/test-classes:/home/runner/work/test5/test5/agent/target/classes:/home/runner/.m2/repository/com/fasterxml/jackson/core/jackson-databind/2.15.2/jackson-databind-2.15.2.jar:/home/runner/.m2/repository/com/fasterxml/jackson/core/jackson-core/2.15.2/jackson-core-2.15.2.jar:/home/runner/.m2/repository/com/fasterxml/jackson/core/jackson-annotations/2.15.2/jackson-annotations-2.15.2.jar:/home/runner/.m2/repository/com/fasterxml/jackson/datatype/jackson-datatype-jsr310/2.15.2/jackson-datatype-jsr310-2.15.2.jar:/home/runner/.m2/repository/com/fasterxml/jackson/dataformat/jackson-dataformat-yaml/2.15.2/jackson-dataformat-yaml-2.15.2.jar:/home/runner/.m2/repository/org/apache/httpcomponents/client5/httpclient5/5.2.1/httpclient5-5.2.1.jar:/home/runner/.m2/repository/org/apache/httpcomponents/core5/httpcore5/5.2/httpcore5-5.2.jar:/home/runner/.m2/repository/org/apache/httpcomponents/core5/httpcore5-h2/5.2/httpcore5-h2-5.2.jar:/home/runner/.m2/repository/org/slf4j/slf4j-api/2.0.7/slf4j-api-2.0.7.jar:/home/runner/.m2/repository/ch/qos/logback/logback-classic/1.4.11/logback-classic-1.4.11.jar:/home/runner/.m2/repository/ch/qos/logback/logback-core/1.4.11/logback-core-1.4.11.jar:/home/runner/.m2/repository/org/yaml/snakeyaml/2.0/snakeyaml-2.0.jar:/home/runner/.m2/repository/org/junit/jupiter/junit-jupiter-engine/5.10.0/junit-jupiter-engine-5.10.0.jar:/home/runner/.m2/repository/org/junit/platform/junit-platform-engine/1.10.0/junit-platform-engine-1.10.0.jar:/home/runner/.m2/repository/org/opentest4j/opentest4j/1.3.0/opentest4j-1.3.0.jar:/home/runner/.m2/repository/org/junit/platform/junit-platform-commons/1.10.0/junit-platform-commons-1.10.0.jar:/home/runner/.m2/repository/org/junit/jupiter/junit-jupiter-api/5.10.0/junit-jupiter-api-5.10.0.jar:/home/runner/.m2/repository/org/apiguardian/apiguardian-api/1.1.2/apiguardian-api-1.1.2.jar:/home/runner/.m2/repository/org/junit/jupiter/junit-jupiter-params/5.10.0/junit-jupiter-params-5.10.0.jar:/home/runner/.m2/repository/org/mockito/mockito-core/5.5.0/mockito-core-5.5.0.jar:/home/runner/.m2/repository/net/bytebuddy/byte-buddy/1.14.6/byte-buddy-1.14.6.jar:/home/runner/.m2/repository/net/bytebuddy/byte-buddy-agent/1.14.6/byte-buddy-agent-1.14.6.jar:/home/runner/.m2/repository/org/objenesis/objenesis/3.3/objenesis-3.3.jar:/home/runner/.m2/repository/org/mockito/mockito-junit-jupiter/5.5.0/mockito-junit-jupiter-5.5.0.jar:"/>
    <property name="java.vm.vendor" value="Eclipse Adoptium"/>
    <property name="sun.arch.data.model" value="64"/>
    <property name="java.vendor.url" value="https://adoptium.net/"/>
    <property name="user.timezone" value="Etc/UTC"/>
    <property name="os.name" value="Linux"/>
    <property name="java.vm.specification.version" value="17"/>
    <property name="sun.java.launcher" value="SUN_STANDARD"/>
    <property name="sun.boot.library.path" value="/usr/lib/jvm/temurin-17-jdk-amd64/lib"/>
    <property name="sun.java.command" value="/home/runner/work/test5/test5/agent/target/surefire/surefirebooter-20250612201943741_3.jar /home/runner/work/test5/test5/agent/target/surefire 2025-06-12T20-19-43_497-jvmRun1 surefire-20250612201943741_1tmp surefire_0-20250612201943741_2tmp"/>
    <property name="jdk.debug" value="release"/>
    <property name="surefire.test.class.path" value="/home/runner/work/test5/test5/agent/target/test-classes:/home/runner/work/test5/test5/agent/target/classes:/home/runner/.m2/repository/com/fasterxml/jackson/core/jackson-databind/2.15.2/jackson-databind-2.15.2.jar:/home/runner/.m2/repository/com/fasterxml/jackson/core/jackson-core/2.15.2/jackson-core-2.15.2.jar:/home/runner/.m2/repository/com/fasterxml/jackson/core/jackson-annotations/2.15.2/jackson-annotations-2.15.2.jar:/home/runner/.m2/repository/com/fasterxml/jackson/datatype/jackson-datatype-jsr310/2.15.2/jackson-datatype-jsr310-2.15.2.jar:/home/runner/.m2/repository/com/fasterxml/jackson/dataformat/jackson-dataformat-yaml/2.15.2/jackson-dataformat-yaml-2.15.2.jar:/home/runner/.m2/repository/org/apache/httpcomponents/client5/httpclient5/5.2.1/httpclient5-5.2.1.jar:/home/runner/.m2/repository/org/apache/httpcomponents/core5/httpcore5/5.2/httpcore5-5.2.jar:/home/runner/.m2/repository/org/apache/httpcomponents/core5/httpcore5-h2/5.2/httpcore5-h2-5.2.jar:/home/runner/.m2/repository/org/slf4j/slf4j-api/2.0.7/slf4j-api-2.0.7.jar:/home/runner/.m2/repository/ch/qos/logback/logback-classic/1.4.11/logback-classic-1.4.11.jar:/home/runner/.m2/repository/ch/qos/logback/logback-core/1.4.11/logback-core-1.4.11.jar:/home/runner/.m2/repository/org/yaml/snakeyaml/2.0/snakeyaml-2.0.jar:/home/runner/.m2/repository/org/junit/jupiter/junit-jupiter-engine/5.10.0/junit-jupiter-engine-5.10.0.jar:/home/runner/.m2/repository/org/junit/platform/junit-platform-engine/1.10.0/junit-platform-engine-1.10.0.jar:/home/runner/.m2/repository/org/opentest4j/opentest4j/1.3.0/opentest4j-1.3.0.jar:/home/runner/.m2/repository/org/junit/platform/junit-platform-commons/1.10.0/junit-platform-commons-1.10.0.jar:/home/runner/.m2/repository/org/junit/jupiter/junit-jupiter-api/5.10.0/junit-jupiter-api-5.10.0.jar:/home/runner/.m2/repository/org/apiguardian/apiguardian-api/1.1.2/apiguardian-api-1.1.2.jar:/home/runner/.m2/repository/org/junit/jupiter/junit-jupiter-params/5.10.0/junit-jupiter-params-5.10.0.jar:/home/runner/.m2/repository/org/mockito/mockito-core/5.5.0/mockito-core-5.5.0.jar:/home/runner/.m2/repository/net/bytebuddy/byte-buddy/1.14.6/byte-buddy-1.14.6.jar:/home/runner/.m2/repository/net/bytebuddy/byte-buddy-agent/1.14.6/byte-buddy-agent-1.14.6.jar:/home/runner/.m2/repository/org/objenesis/objenesis/3.3/objenesis-3.3.jar:/home/runner/.m2/repository/org/mockito/mockito-junit-jupiter/5.5.0/mockito-junit-jupiter-5.5.0.jar:"/>
    <property name="sun.cpu.endian" value="little"/>
    <property name="user.home" value="/home/runner"/>
    <property name="user.language" value="en"/>
    <property name="java.specification.vendor" value="Oracle Corporation"/>
    <property name="java.version.date" value="2025-04-15"/>
    <property name="java.home" value="/usr/lib/jvm/temurin-17-jdk-amd64"/>
    <property name="file.separator" value="/"/>
    <property name="basedir" value="/home/runner/work/test5/test5/agent"/>
    <property name="java.vm.compressedOopsMode" value="Zero based"/>
    <property name="line.separator" value="&#10;"/>
    <property name="java.vm.specification.vendor" value="Oracle Corporation"/>
    <property name="java.specification.name" value="Java Platform API Specification"/>
    <property name="surefire.real.class.path" value="/home/runner/work/test5/test5/agent/target/surefire/surefirebooter-20250612201943741_3.jar"/>
    <property name="sun.management.compiler" value="HotSpot 64-Bit Tiered Compilers"/>
    <property name="java.runtime.version" value="17.0.15+6"/>
    <property name="user.name" value="runner"/>
    <property name="path.separator" value=":"/>
    <property name="os.version" value="6.11.0-1015-azure"/>
    <property name="java.runtime.name" value="OpenJDK Runtime Environment"/>
    <property name="file.encoding" value="UTF-8"/>
    <property name="java.vm.name" value="OpenJDK 64-Bit Server VM"/>
    <property name="java.vendor.version" value="Temurin-17.0.15+6"/>
    <property name="localRepository" value="/home/runner/.m2/repository"/>
    <property name="java.vendor.url.bug" value="https://github.com/adoptium/adoptium-support/issues"/>
    <property name="java.io.tmpdir" value="/tmp"/>
    <property name="java.version" value="17.0.15"/>
    <property name="user.dir" value="/home/runner/work/test5/test5/agent"/>
    <property name="os.arch" value="amd64"/>
    <property name="java.vm.specification.name" value="Java Virtual Machine Specification"/>
    <property name="native.encoding" value="UTF-8"/>
    <property name="java.library.path" value="/usr/java/packages/lib:/usr/lib64:/lib64:/lib:/usr/lib"/>
    <property name="java.vm.info" value="mixed mode, sharing"/>
    <property name="java.vendor" value="Eclipse Adoptium"/>
    <property name="java.vm.version" value="17.0.15+6"/>
    <property name="java.specification.maintenance.version" value="1"/>
    <property name="sun.io.unicode.encoding" value="UnicodeLittle"/>
    <property name="java.class.version" value="61.0"/>
  </properties>
  <testcase name="shouldReturnNullForNonExistentPlugin" classname="com.bics.agent.SemanticKernelAgentTest" time="1.97">
    <system-out><![CDATA[20:19:45.582 [main] INFO com.bics.agent.config.AgentConfiguration -- Loading configuration from application.yml
20:19:46.140 [main] INFO com.bics.agent.config.AgentConfiguration -- Configuration loaded successfully
20:19:46.141 [main] WARN com.bics.agent.config.AgentConfiguration -- No API endpoints configuration found
20:19:46.143 [main] INFO com.bics.agent.SemanticKernelAgent -- Initializing plugin framework...
20:19:46.143 [main] INFO com.bics.agent.SemanticKernelAgent -- Registering BICS API plugins...
20:19:46.311 [main] DEBUG com.bics.agent.SemanticKernelAgent -- Registered plugin: ConnectAPI
20:19:46.312 [main] DEBUG com.bics.agent.SemanticKernelAgent -- Registered plugin: MyNumbersAPI
20:19:46.313 [main] DEBUG com.bics.agent.SemanticKernelAgent -- Registered plugin: MyNumbersAddressManagementAPI
20:19:46.315 [main] DEBUG com.bics.agent.SemanticKernelAgent -- Registered plugin: MyNumbersCDRAPI
20:19:46.316 [main] DEBUG com.bics.agent.SemanticKernelAgent -- Registered plugin: MyNumbersDisconnectionAPI
20:19:46.316 [main] DEBUG com.bics.agent.SemanticKernelAgent -- Registered plugin: MyNumbersEmergencyServicesAPI
20:19:46.317 [main] DEBUG com.bics.agent.SemanticKernelAgent -- Registered plugin: MyNumbersNumberPortingAPI
20:19:46.318 [main] DEBUG com.bics.agent.SemanticKernelAgent -- Registered plugin: SMSAPI
20:19:46.318 [main] INFO com.bics.agent.SemanticKernelAgent -- All BICS API plugins registered successfully
20:19:46.318 [main] INFO com.bics.agent.SemanticKernelAgent -- Agent started successfully with 8 plugins
20:19:46.320 [main] INFO com.bics.agent.SemanticKernelAgent -- Stopping Agent...
20:19:46.320 [main] INFO com.bics.agent.SemanticKernelAgent -- Agent stopped
]]></system-out>
  </testcase>
  <testcase name="shouldStartAndStopAgent" classname="com.bics.agent.SemanticKernelAgentTest" time="0.013">
    <system-out><![CDATA[20:19:46.381 [main] INFO com.bics.agent.SemanticKernelAgent -- Initializing plugin framework...
20:19:46.381 [main] INFO com.bics.agent.SemanticKernelAgent -- Registering BICS API plugins...
20:19:46.382 [main] DEBUG com.bics.agent.SemanticKernelAgent -- Registered plugin: ConnectAPI
20:19:46.383 [main] DEBUG com.bics.agent.SemanticKernelAgent -- Registered plugin: MyNumbersAPI
20:19:46.384 [main] DEBUG com.bics.agent.SemanticKernelAgent -- Registered plugin: MyNumbersAddressManagementAPI
20:19:46.385 [main] DEBUG com.bics.agent.SemanticKernelAgent -- Registered plugin: MyNumbersCDRAPI
20:19:46.385 [main] DEBUG com.bics.agent.SemanticKernelAgent -- Registered plugin: MyNumbersDisconnectionAPI
20:19:46.386 [main] DEBUG com.bics.agent.SemanticKernelAgent -- Registered plugin: MyNumbersEmergencyServicesAPI
20:19:46.387 [main] DEBUG com.bics.agent.SemanticKernelAgent -- Registered plugin: MyNumbersNumberPortingAPI
20:19:46.388 [main] DEBUG com.bics.agent.SemanticKernelAgent -- Registered plugin: SMSAPI
20:19:46.389 [main] INFO com.bics.agent.SemanticKernelAgent -- All BICS API plugins registered successfully
20:19:46.389 [main] INFO com.bics.agent.SemanticKernelAgent -- Agent started successfully with 8 plugins
20:19:46.390 [main] INFO com.bics.agent.SemanticKernelAgent -- Stopping Agent...
20:19:46.390 [main] INFO com.bics.agent.SemanticKernelAgent -- Agent stopped
]]></system-out>
  </testcase>
  <testcase name="shouldRegisterAllPlugins" classname="com.bics.agent.SemanticKernelAgentTest" time="0.008">
    <system-out><![CDATA[20:19:46.393 [main] INFO com.bics.agent.SemanticKernelAgent -- Initializing plugin framework...
20:19:46.394 [main] INFO com.bics.agent.SemanticKernelAgent -- Registering BICS API plugins...
20:19:46.394 [main] DEBUG com.bics.agent.SemanticKernelAgent -- Registered plugin: ConnectAPI
20:19:46.395 [main] DEBUG com.bics.agent.SemanticKernelAgent -- Registered plugin: MyNumbersAPI
20:19:46.396 [main] DEBUG com.bics.agent.SemanticKernelAgent -- Registered plugin: MyNumbersAddressManagementAPI
20:19:46.397 [main] DEBUG com.bics.agent.SemanticKernelAgent -- Registered plugin: MyNumbersCDRAPI
20:19:46.397 [main] DEBUG com.bics.agent.SemanticKernelAgent -- Registered plugin: MyNumbersDisconnectionAPI
20:19:46.398 [main] DEBUG com.bics.agent.SemanticKernelAgent -- Registered plugin: MyNumbersEmergencyServicesAPI
20:19:46.398 [main] DEBUG com.bics.agent.SemanticKernelAgent -- Registered plugin: MyNumbersNumberPortingAPI
20:19:46.399 [main] DEBUG com.bics.agent.SemanticKernelAgent -- Registered plugin: SMSAPI
20:19:46.399 [main] INFO com.bics.agent.SemanticKernelAgent -- All BICS API plugins registered successfully
20:19:46.399 [main] INFO com.bics.agent.SemanticKernelAgent -- Agent started successfully with 8 plugins
20:19:46.399 [main] INFO com.bics.agent.SemanticKernelAgent -- Stopping Agent...
20:19:46.399 [main] INFO com.bics.agent.SemanticKernelAgent -- Agent stopped
]]></system-out>
  </testcase>
</testsuite>